
[INFO]2023.02.25 16:40:31 : url: https://note-api.wps.cn/v3/notesvr/set/notecontent
[INFO]2023.02.25 16:40:31 : body: {'noteId': 'UsgWqvYirlkNK2MRhSIbxyEBt4V8J3Tp', 'title': 'WZWsi7mvYPwPpkoEGtDKkA==', 'summary': 'Lu+Q4WSUN4bz21lYcf0ELyeb4atUMU1/4a/RZESeBog=', 'body': '+hnQTX1CV6UoBQKumuk0Uh7Jx19D9m26Dq7mSnQzBN8=', 'bodyType': 0}
[INFO]2023.02.25 16:40:31 : 新增便签返回: 200, {'responseTime': 49, 'contentVersion': 1, 'contentUpdateTime': 1677314431420},
[INFO]2023.02.25 16:40:31 : 当前用例执行结束: 新增普通便签
[INFO]2023.02.25 16:42:01 : url: https://note-api.wps.cn/v3/notesvr/set/notecontent
[INFO]2023.02.25 16:42:01 : body: {'noteId': '9e6HAMOJtyrBuGDoEzR34NQlc51qXfdF', 'title': 'WZWsi7mvYPwPpkoEGtDKkA==', 'summary': 'Lu+Q4WSUN4bz21lYcf0ELyeb4atUMU1/4a/RZESeBog=', 'body': '+hnQTX1CV6UoBQKumuk0Uh7Jx19D9m26Dq7mSnQzBN8=', 'bodyType': 0}
[INFO]2023.02.25 16:42:02 : 新增便签返回: 200, {'responseTime': 29, 'contentVersion': 1, 'contentUpdateTime': 1677314522088},
[INFO]2023.02.25 16:42:02 : 查询9e6HAMOJtyrBuGDoEzR34NQlc51qXfdF便签返回: 200, {'responseTime': 29, 'contentVersion': 1, 'contentUpdateTime': 1677314522088},
[INFO]2023.02.25 16:42:02 : 当前用例执行结束: 新增普通便签
[INFO]2023.02.25 16:42:52 : url: https://note-api.wps.cn/v3/notesvr/set/notecontent
[INFO]2023.02.25 16:42:52 : body: {'noteId': 'lN86iRSUo5XL3sFWxj1mbcgnT4uM7EpA', 'title': 'WZWsi7mvYPwPpkoEGtDKkA==', 'summary': 'Lu+Q4WSUN4bz21lYcf0ELyeb4atUMU1/4a/RZESeBog=', 'body': '+hnQTX1CV6UoBQKumuk0Uh7Jx19D9m26Dq7mSnQzBN8=', 'bodyType': 0}
[INFO]2023.02.25 16:42:55 : 新增便签返回: 200, {'responseTime': 39, 'contentVersion': 1, 'contentUpdateTime': 1677314575134},
[INFO]2023.02.25 16:42:55 : 查询lN86iRSUo5XL3sFWxj1mbcgnT4uM7EpA便签返回: 200, {'responseTime': 27, 'noteBodies': [{'summary': 'Lu+Q4WSUN4bz21lYcf0ELyeb4atUMU1/4a/RZESeBog=', 'noteId': 'lN86iRSUo5XL3sFWxj1mbcgnT4uM7EpA', 'infoNoteId': 'lN86iRSUo5XL3sFWxj1mbcgnT4uM7EpA', 'bodyType': 0, 'body': '+hnQTX1CV6UoBQKumuk0Uh7Jx19D9m26Dq7mSnQzBN8=', 'contentVersion': 1, 'contentUpdateTime': 1677314575134, 'title': 'WZWsi7mvYPwPpkoEGtDKkA==', 'valid': 1}]},
[INFO]2023.02.25 16:42:55 : 当前用例执行结束: 新增普通便签
[INFO]2023.02.25 16:44:07 : url: https://note-api.wps.cn/v3/notesvr/set/notecontent
[INFO]2023.02.25 16:44:07 : body: {'noteId': 'Ct5xWJ0YdUEPZunkl8ANegIcm7MfTahz', 'title': 'WZWsi7mvYPwPpkoEGtDKkA==', 'summary': 'Lu+Q4WSUN4bz21lYcf0ELyeb4atUMU1/4a/RZESeBog=', 'body': 'https://www.baidu.com', 'bodyType': 1}
[INFO]2023.02.25 16:44:07 : 新增便签返回: 200,{'responseTime': 29, 'contentVersion': 1, 'contentUpdateTime': 1677314647228},
[INFO]2023.02.25 16:44:07 : 查询Ct5xWJ0YdUEPZunkl8ANegIcm7MfTahz便签返回: 200, {'responseTime': 45, 'noteBodies': [{'summary': 'Lu+Q4WSUN4bz21lYcf0ELyeb4atUMU1/4a/RZESeBog=', 'noteId': 'Ct5xWJ0YdUEPZunkl8ANegIcm7MfTahz', 'infoNoteId': 'Ct5xWJ0YdUEPZunkl8ANegIcm7MfTahz', 'bodyType': 1, 'body': 'https://www.baidu.com', 'contentVersion': 1, 'contentUpdateTime': 1677314647228, 'title': 'WZWsi7mvYPwPpkoEGtDKkA==', 'valid': 1}]},
[INFO]2023.02.25 16:44:07 : 当前用例执行结束: 新增【超链接】便签
[INFO]2023.02.25 16:44:42 : url: https://note-api.wps.cn/v3/notesvr/user/26706090/home/startindex/0/rows/10/notes
[INFO]2023.02.25 16:44:42 : 便签列表返回: 200,{'responseTime': 0, 'webNotes': [{'noteId': 'Ct5xWJ0YdUEPZunkl8ANegIcm7MfTahz', 'createTime': 1677314647228, 'star': 0, 'remindTime': 0, 'remindType': 0, 'infoVersion': 1, 'infoUpdateTime': 1677314647228, 'groupId': None, 'title': 'WZWsi7mvYPwPpkoEGtDKkA==', 'summary': 'Lu+Q4WSUN4bz21lYcf0ELyeb4atUMU1/4a/RZESeBog=', 'thumbnail': None, 'contentVersion': 1, 'contentUpdateTime': 1677314647228}, {'noteId': 'lN86iRSUo5XL3sFWxj1mbcgnT4uM7EpA', 'createTime': 1677314575134, 'star': 0, 'remindTime': 0, 'remindType': 0, 'infoVersion': 1, 'infoUpdateTime': 1677314575134, 'groupId': None, 'title': 'WZWsi7mvYPwPpkoEGtDKkA==', 'summary': 'Lu+Q4WSUN4bz21lYcf0ELyeb4atUMU1/4a/RZESeBog=', 'thumbnail': None, 'contentVersion': 1, 'contentUpdateTime': 1677314575134}, {'noteId': '9e6HAMOJtyrBuGDoEzR34NQlc51qXfdF', 'createTime': 1677314522088, 'star': 0, 'remindTime': 0, 'remindType': 0, 'infoVersion': 1, 'infoUpdateTime': 1677314522088, 'groupId': None, 'title': 'WZWsi7mvYPwPpkoEGtDKkA==', 'summary': 'Lu+Q4WSUN4bz21lYcf0ELyeb4atUMU1/4a/RZESeBog=', 'thumbnail': None, 'contentVersion': 1, 'contentUpdateTime': 1677314522088}, {'noteId': 'UsgWqvYirlkNK2MRhSIbxyEBt4V8J3Tp', 'createTime': 1677314431420, 'star': 0, 'remindTime': 0, 'remindType': 0, 'infoVersion': 1, 'infoUpdateTime': 1677314431420, 'groupId': None, 'title': 'WZWsi7mvYPwPpkoEGtDKkA==', 'summary': 'Lu+Q4WSUN4bz21lYcf0ELyeb4atUMU1/4a/RZESeBog=', 'thumbnail': None, 'contentVersion': 1, 'contentUpdateTime': 1677314431420}, {'noteId': 'lwp21WaVthiQEYbFmH6AcXM8g5RCDSjo', 'createTime': 1677314392847, 'star': 0, 'remindTime': 0, 'remindType': 0, 'infoVersion': 1, 'infoUpdateTime': 1677314392847, 'groupId': None, 'title': 'WZWsi7mvYPwPpkoEGtDKkA==', 'summary': 'Lu+Q4WSUN4bz21lYcf0ELyeb4atUMU1/4a/RZESeBog=', 'thumbnail': None, 'contentVersion': 1, 'contentUpdateTime': 1677314392847}, {'noteId': 'iwjQnp9HDqs41IoMeWfkvyJ5bAhuYx3m', 'createTime': 1677313699915, 'star': 0, 'remindTime': 0, 'remindType': 0, 'infoVersion': 1, 'infoUpdateTime': 1677313699915, 'groupId': None, 'title': 'WZWsi7mvYPwPpkoEGtDKkA==', 'summary': 'Lu+Q4WSUN4bz21lYcf0ELyeb4atUMU1/4a/RZESeBog=', 'thumbnail': None, 'contentVersion': 1, 'contentUpdateTime': 1677313699915}, {'noteId': 'zABSIpMPji6qHGX9Q5mWvubsfxFtYey1', 'createTime': 1677313699744, 'star': 0, 'remindTime': 0, 'remindType': 0, 'infoVersion': 1, 'infoUpdateTime': 1677313699744, 'groupId': None, 'title': 'WZWsi7mvYPwPpkoEGtDKkA==', 'summary': 'Lu+Q4WSUN4bz21lYcf0ELyeb4atUMU1/4a/RZESeBog=', 'thumbnail': None, 'contentVersion': 1, 'contentUpdateTime': 1677313699744}, {'noteId': 'c0jK4W2DXCexOYGTmsNAzwqganIE3Mph', 'createTime': 1677313662044, 'star': 0, 'remindTime': 0, 'remindType': 0, 'infoVersion': 1, 'infoUpdateTime': 1677313662044, 'groupId': None, 'title': 'WZWsi7mvYPwPpkoEGtDKkA==', 'summary': 'Lu+Q4WSUN4bz21lYcf0ELyeb4atUMU1/4a/RZESeBog=', 'thumbnail': None, 'contentVersion': 1, 'contentUpdateTime': 1677313662044}, {'noteId': 'lEoXGt59F8c1yIMJYuve6ZQAdKqw4map', 'createTime': 1677313661786, 'star': 0, 'remindTime': 0, 'remindType': 0, 'infoVersion': 1, 'infoUpdateTime': 1677313661786, 'groupId': None, 'title': 'WZWsi7mvYPwPpkoEGtDKkA==', 'summary': 'Lu+Q4WSUN4bz21lYcf0ELyeb4atUMU1/4a/RZESeBog=', 'thumbnail': None, 'contentVersion': 1, 'contentUpdateTime': 1677313661786}, {'noteId': 'ualFioqEejkXByWHpOxc72fVUCS1J8wQ', 'createTime': 1677312200078, 'star': 0, 'remindTime': 0, 'remindType': 0, 'infoVersion': 1, 'infoUpdateTime': 1677312200078, 'groupId': None, 'title': 'WZWsi7mvYPwPpkoEGtDKkA==', 'summary': 'Lu+Q4WSUN4bz21lYcf0ELyeb4atUMU1/4a/RZESeBog=', 'thumbnail': None, 'contentVersion': 1, 'contentUpdateTime': 1677312200078}]},
[INFO]2023.02.25 16:44:42 : 当前用例执行结束: 便签列表
[INFO]2023.02.25 16:47:05 : url: https://note-api.wps.cn/v3/notesvr/user/26706090/home/startindex/0/rows/10/notes
[INFO]2023.02.25 16:47:05 : 便签列表返回: 200, {'responseTime': 0, 'webNotes': [{'noteId': 'Ct5xWJ0YdUEPZunkl8ANegIcm7MfTahz', 'createTime': 1677314647228, 'star': 0, 'remindTime': 0, 'remindType': 0, 'infoVersion': 1, 'infoUpdateTime': 1677314647228, 'groupId': None, 'title': 'WZWsi7mvYPwPpkoEGtDKkA==', 'summary': 'Lu+Q4WSUN4bz21lYcf0ELyeb4atUMU1/4a/RZESeBog=', 'thumbnail': None, 'contentVersion': 1, 'contentUpdateTime': 1677314647228}, {'noteId': 'lN86iRSUo5XL3sFWxj1mbcgnT4uM7EpA', 'createTime': 1677314575134, 'star': 0, 'remindTime': 0, 'remindType': 0, 'infoVersion': 1, 'infoUpdateTime': 1677314575134, 'groupId': None, 'title': 'WZWsi7mvYPwPpkoEGtDKkA==', 'summary': 'Lu+Q4WSUN4bz21lYcf0ELyeb4atUMU1/4a/RZESeBog=', 'thumbnail': None, 'contentVersion': 1, 'contentUpdateTime': 1677314575134}, {'noteId': '9e6HAMOJtyrBuGDoEzR34NQlc51qXfdF', 'createTime': 1677314522088, 'star': 0, 'remindTime': 0, 'remindType': 0, 'infoVersion': 1, 'infoUpdateTime': 1677314522088, 'groupId': None, 'title': 'WZWsi7mvYPwPpkoEGtDKkA==', 'summary': 'Lu+Q4WSUN4bz21lYcf0ELyeb4atUMU1/4a/RZESeBog=', 'thumbnail': None, 'contentVersion': 1, 'contentUpdateTime': 1677314522088}, {'noteId': 'UsgWqvYirlkNK2MRhSIbxyEBt4V8J3Tp', 'createTime': 1677314431420, 'star': 0, 'remindTime': 0, 'remindType': 0, 'infoVersion': 1, 'infoUpdateTime': 1677314431420, 'groupId': None, 'title': 'WZWsi7mvYPwPpkoEGtDKkA==', 'summary': 'Lu+Q4WSUN4bz21lYcf0ELyeb4atUMU1/4a/RZESeBog=', 'thumbnail': None, 'contentVersion': 1, 'contentUpdateTime': 1677314431420}, {'noteId': 'lwp21WaVthiQEYbFmH6AcXM8g5RCDSjo', 'createTime': 1677314392847, 'star': 0, 'remindTime': 0, 'remindType': 0, 'infoVersion': 1, 'infoUpdateTime': 1677314392847, 'groupId': None, 'title': 'WZWsi7mvYPwPpkoEGtDKkA==', 'summary': 'Lu+Q4WSUN4bz21lYcf0ELyeb4atUMU1/4a/RZESeBog=', 'thumbnail': None, 'contentVersion': 1, 'contentUpdateTime': 1677314392847}, {'noteId': 'iwjQnp9HDqs41IoMeWfkvyJ5bAhuYx3m', 'createTime': 1677313699915, 'star': 0, 'remindTime': 0, 'remindType': 0, 'infoVersion': 1, 'infoUpdateTime': 1677313699915, 'groupId': None, 'title': 'WZWsi7mvYPwPpkoEGtDKkA==', 'summary': 'Lu+Q4WSUN4bz21lYcf0ELyeb4atUMU1/4a/RZESeBog=', 'thumbnail': None, 'contentVersion': 1, 'contentUpdateTime': 1677313699915}, {'noteId': 'zABSIpMPji6qHGX9Q5mWvubsfxFtYey1', 'createTime': 1677313699744, 'star': 0, 'remindTime': 0, 'remindType': 0, 'infoVersion': 1, 'infoUpdateTime': 1677313699744, 'groupId': None, 'title': 'WZWsi7mvYPwPpkoEGtDKkA==', 'summary': 'Lu+Q4WSUN4bz21lYcf0ELyeb4atUMU1/4a/RZESeBog=', 'thumbnail': None, 'contentVersion': 1, 'contentUpdateTime': 1677313699744}, {'noteId': 'c0jK4W2DXCexOYGTmsNAzwqganIE3Mph', 'createTime': 1677313662044, 'star': 0, 'remindTime': 0, 'remindType': 0, 'infoVersion': 1, 'infoUpdateTime': 1677313662044, 'groupId': None, 'title': 'WZWsi7mvYPwPpkoEGtDKkA==', 'summary': 'Lu+Q4WSUN4bz21lYcf0ELyeb4atUMU1/4a/RZESeBog=', 'thumbnail': None, 'contentVersion': 1, 'contentUpdateTime': 1677313662044}, {'noteId': 'lEoXGt59F8c1yIMJYuve6ZQAdKqw4map', 'createTime': 1677313661786, 'star': 0, 'remindTime': 0, 'remindType': 0, 'infoVersion': 1, 'infoUpdateTime': 1677313661786, 'groupId': None, 'title': 'WZWsi7mvYPwPpkoEGtDKkA==', 'summary': 'Lu+Q4WSUN4bz21lYcf0ELyeb4atUMU1/4a/RZESeBog=', 'thumbnail': None, 'contentVersion': 1, 'contentUpdateTime': 1677313661786}, {'noteId': 'ualFioqEejkXByWHpOxc72fVUCS1J8wQ', 'createTime': 1677312200078, 'star': 0, 'remindTime': 0, 'remindType': 0, 'infoVersion': 1, 'infoUpdateTime': 1677312200078, 'groupId': None, 'title': 'WZWsi7mvYPwPpkoEGtDKkA==', 'summary': 'Lu+Q4WSUN4bz21lYcf0ELyeb4atUMU1/4a/RZESeBog=', 'thumbnail': None, 'contentVersion': 1, 'contentUpdateTime': 1677312200078}]},
[INFO]2023.02.25 16:47:05 : 当前用例执行结束: 便签列表
[INFO]2023.02.25 16:47:11 : url: https://note-api.wps.cn/v3/notesvr/set/notecontent
[INFO]2023.02.25 16:47:11 : body: {'noteId': 'O0soz7Up5dLYbCx2l9JqBQvaWguyiEAk', 'title': 'WZWsi7mvYPwPpkoEGtDKkA==', 'summary': 'Lu+Q4WSUN4bz21lYcf0ELyeb4atUMU1/4a/RZESeBog=', 'body': '+hnQTX1CV6UoBQKumuk0Uh7Jx19D9m26Dq7mSnQzBN8=', 'bodyType': 0}
[INFO]2023.02.25 16:47:12 : 新增便签返回: 200, {'responseTime': 34, 'contentVersion': 1, 'contentUpdateTime': 1677314832034},
[INFO]2023.02.25 16:47:12 : 查询O0soz7Up5dLYbCx2l9JqBQvaWguyiEAk便签返回: 200, {'responseTime': 26, 'noteBodies': [{'summary': 'Lu+Q4WSUN4bz21lYcf0ELyeb4atUMU1/4a/RZESeBog=', 'noteId': 'O0soz7Up5dLYbCx2l9JqBQvaWguyiEAk', 'infoNoteId': 'O0soz7Up5dLYbCx2l9JqBQvaWguyiEAk', 'bodyType': 0, 'body': '+hnQTX1CV6UoBQKumuk0Uh7Jx19D9m26Dq7mSnQzBN8=', 'contentVersion': 1, 'contentUpdateTime': 1677314832034, 'title': 'WZWsi7mvYPwPpkoEGtDKkA==', 'valid': 1}]},
[INFO]2023.02.25 16:47:12 : 当前用例执行结束: 新增普通便签
[INFO]2023.02.25 16:47:12 : url: https://note-api.wps.cn/v3/notesvr/set/notecontent
[INFO]2023.02.25 16:47:12 : body: {'noteId': 'ICJQFUBG9VOwyctbR4fW5L3vhNurAEkx', 'title': 'WZWsi7mvYPwPpkoEGtDKkA==', 'summary': 'Lu+Q4WSUN4bz21lYcf0ELyeb4atUMU1/4a/RZESeBog=', 'body': 'https://www.baidu.com', 'bodyType': 1}
[INFO]2023.02.25 16:47:12 : 新增便签返回: 200,{'responseTime': 30, 'contentVersion': 1, 'contentUpdateTime': 1677314832196},
[INFO]2023.02.25 16:47:12 : 查询ICJQFUBG9VOwyctbR4fW5L3vhNurAEkx便签返回: 200, {'responseTime': 25, 'noteBodies': [{'summary': 'Lu+Q4WSUN4bz21lYcf0ELyeb4atUMU1/4a/RZESeBog=', 'noteId': 'ICJQFUBG9VOwyctbR4fW5L3vhNurAEkx', 'infoNoteId': 'ICJQFUBG9VOwyctbR4fW5L3vhNurAEkx', 'bodyType': 1, 'body': 'https://www.baidu.com', 'contentVersion': 1, 'contentUpdateTime': 1677314832196, 'title': 'WZWsi7mvYPwPpkoEGtDKkA==', 'valid': 1}]},
[INFO]2023.02.25 16:47:12 : 当前用例执行结束: 新增【超链接】便签
[INFO]2023.02.25 16:47:12 : url: https://note-api.wps.cn/v3/notesvr/user/26706090/home/startindex/0/rows/10/notes
[INFO]2023.02.25 16:47:12 : 便签列表返回: 200, {'responseTime': 0, 'webNotes': [{'noteId': 'ICJQFUBG9VOwyctbR4fW5L3vhNurAEkx', 'createTime': 1677314832196, 'star': 0, 'remindTime': 0, 'remindType': 0, 'infoVersion': 1, 'infoUpdateTime': 1677314832196, 'groupId': None, 'title': 'WZWsi7mvYPwPpkoEGtDKkA==', 'summary': 'Lu+Q4WSUN4bz21lYcf0ELyeb4atUMU1/4a/RZESeBog=', 'thumbnail': None, 'contentVersion': 1, 'contentUpdateTime': 1677314832196}, {'noteId': 'O0soz7Up5dLYbCx2l9JqBQvaWguyiEAk', 'createTime': 1677314832034, 'star': 0, 'remindTime': 0, 'remindType': 0, 'infoVersion': 1, 'infoUpdateTime': 1677314832034, 'groupId': None, 'title': 'WZWsi7mvYPwPpkoEGtDKkA==', 'summary': 'Lu+Q4WSUN4bz21lYcf0ELyeb4atUMU1/4a/RZESeBog=', 'thumbnail': None, 'contentVersion': 1, 'contentUpdateTime': 1677314832034}, {'noteId': 'Ct5xWJ0YdUEPZunkl8ANegIcm7MfTahz', 'createTime': 1677314647228, 'star': 0, 'remindTime': 0, 'remindType': 0, 'infoVersion': 1, 'infoUpdateTime': 1677314647228, 'groupId': None, 'title': 'WZWsi7mvYPwPpkoEGtDKkA==', 'summary': 'Lu+Q4WSUN4bz21lYcf0ELyeb4atUMU1/4a/RZESeBog=', 'thumbnail': None, 'contentVersion': 1, 'contentUpdateTime': 1677314647228}, {'noteId': 'lN86iRSUo5XL3sFWxj1mbcgnT4uM7EpA', 'createTime': 1677314575134, 'star': 0, 'remindTime': 0, 'remindType': 0, 'infoVersion': 1, 'infoUpdateTime': 1677314575134, 'groupId': None, 'title': 'WZWsi7mvYPwPpkoEGtDKkA==', 'summary': 'Lu+Q4WSUN4bz21lYcf0ELyeb4atUMU1/4a/RZESeBog=', 'thumbnail': None, 'contentVersion': 1, 'contentUpdateTime': 1677314575134}, {'noteId': '9e6HAMOJtyrBuGDoEzR34NQlc51qXfdF', 'createTime': 1677314522088, 'star': 0, 'remindTime': 0, 'remindType': 0, 'infoVersion': 1, 'infoUpdateTime': 1677314522088, 'groupId': None, 'title': 'WZWsi7mvYPwPpkoEGtDKkA==', 'summary': 'Lu+Q4WSUN4bz21lYcf0ELyeb4atUMU1/4a/RZESeBog=', 'thumbnail': None, 'contentVersion': 1, 'contentUpdateTime': 1677314522088}, {'noteId': 'UsgWqvYirlkNK2MRhSIbxyEBt4V8J3Tp', 'createTime': 1677314431420, 'star': 0, 'remindTime': 0, 'remindType': 0, 'infoVersion': 1, 'infoUpdateTime': 1677314431420, 'groupId': None, 'title': 'WZWsi7mvYPwPpkoEGtDKkA==', 'summary': 'Lu+Q4WSUN4bz21lYcf0ELyeb4atUMU1/4a/RZESeBog=', 'thumbnail': None, 'contentVersion': 1, 'contentUpdateTime': 1677314431420}, {'noteId': 'lwp21WaVthiQEYbFmH6AcXM8g5RCDSjo', 'createTime': 1677314392847, 'star': 0, 'remindTime': 0, 'remindType': 0, 'infoVersion': 1, 'infoUpdateTime': 1677314392847, 'groupId': None, 'title': 'WZWsi7mvYPwPpkoEGtDKkA==', 'summary': 'Lu+Q4WSUN4bz21lYcf0ELyeb4atUMU1/4a/RZESeBog=', 'thumbnail': None, 'contentVersion': 1, 'contentUpdateTime': 1677314392847}, {'noteId': 'iwjQnp9HDqs41IoMeWfkvyJ5bAhuYx3m', 'createTime': 1677313699915, 'star': 0, 'remindTime': 0, 'remindType': 0, 'infoVersion': 1, 'infoUpdateTime': 1677313699915, 'groupId': None, 'title': 'WZWsi7mvYPwPpkoEGtDKkA==', 'summary': 'Lu+Q4WSUN4bz21lYcf0ELyeb4atUMU1/4a/RZESeBog=', 'thumbnail': None, 'contentVersion': 1, 'contentUpdateTime': 1677313699915}, {'noteId': 'zABSIpMPji6qHGX9Q5mWvubsfxFtYey1', 'createTime': 1677313699744, 'star': 0, 'remindTime': 0, 'remindType': 0, 'infoVersion': 1, 'infoUpdateTime': 1677313699744, 'groupId': None, 'title': 'WZWsi7mvYPwPpkoEGtDKkA==', 'summary': 'Lu+Q4WSUN4bz21lYcf0ELyeb4atUMU1/4a/RZESeBog=', 'thumbnail': None, 'contentVersion': 1, 'contentUpdateTime': 1677313699744}, {'noteId': 'c0jK4W2DXCexOYGTmsNAzwqganIE3Mph', 'createTime': 1677313662044, 'star': 0, 'remindTime': 0, 'remindType': 0, 'infoVersion': 1, 'infoUpdateTime': 1677313662044, 'groupId': None, 'title': 'WZWsi7mvYPwPpkoEGtDKkA==', 'summary': 'Lu+Q4WSUN4bz21lYcf0ELyeb4atUMU1/4a/RZESeBog=', 'thumbnail': None, 'contentVersion': 1, 'contentUpdateTime': 1677313662044}]},
[INFO]2023.02.25 16:47:12 : 当前用例执行结束: 便签列表
[INFO]2023.02.25 16:47:12 : url: https://note-api.wps.cn/v3/notesvr/delete
[INFO]2023.02.25 16:47:12 : 删除一个已存在的标签: 200, {'responseTime': 34},
[INFO]2023.02.25 16:47:12 : 当前用例执行结束: 
[INFO]2023.02.25 16:47:12 : url: https://note-api.wps.cn/v3/notesvr/set/notegroup
[INFO]2023.02.25 16:47:12 : 新增一个分组: 200, {'responseTime': 29, 'updateTime': 1677314832514},
[INFO]2023.02.25 16:47:12 : 当前用例执行结束: 
[INFO]2023.02.25 16:47:12 : url: https://note-api.wps.cn/v3/notesvr/web/getnotes/group
[INFO]2023.02.25 16:47:12 : 查看分组下标签: 200, {'responseTime': 0, 'webNotes': []},
[INFO]2023.02.25 16:47:12 : 当前用例执行结束: 
[INFO]2023.02.25 16:47:12 : url: https://note-api.wps.cn/v3/notesvr/delete/notegroup
[INFO]2023.02.25 16:47:12 : 删除一个分组: 200, {'responseTime': 32},
[INFO]2023.02.25 16:47:12 : 当前用例执行结束: 
[INFO]2023.02.25 16:47:12 : url: https://note-api.wps.cn/v3/notesvr/web/getnotes/remind
[INFO]2023.02.25 16:47:12 : 查看日历下便签: 200, {'responseTime': 0, 'webNotes': []},
[INFO]2023.02.25 16:47:12 : 当前用例执行结束: 
[INFO]2023.02.25 16:47:12 : url: https://note-api.wps.cn/v3/notesvr/user/26706090/invalid/startindex/0/rows/50/notes
[INFO]2023.02.25 16:47:12 : 查看回收站下便签: 200, {'responseTime': 0, 'webNotes': [{'noteId': '24', 'createTime': 1677293573257, 'star': 0, 'remindTime': 0, 'remindType': 0, 'infoVersion': 54, 'infoUpdateTime': 1677314832428, 'groupId': None, 'title': 'WZWsi7mvYPwPpkoEGtDKkA==', 'summary': 'Lu+Q4WSUN4bz21lYcf0ELyeb4atUMU1/4a/RZESeBog=', 'thumbnail': None, 'contentVersion': 3, 'contentUpdateTime': 1677300063418}]},
[INFO]2023.02.25 16:47:12 : 当前用例执行结束: 
[INFO]2023.02.25 16:47:12 : url: https://note-api.wps.cn/v3/notesvr/user/26706090/notes
[INFO]2023.02.25 16:47:12 : 恢复回收站下便签: 200, <Response [200]>,
[INFO]2023.02.25 16:47:12 : 当前用例执行结束: 
[INFO]2023.02.25 16:47:12 : url: https://note-api.wps.cn/v3/notesvr/cleanrecyclebin
[INFO]2023.02.25 16:47:12 : body: {'noteIds': ['-1']}
[INFO]2023.02.25 16:47:13 : 清空回收站下便签: 200,{'responseTime': 30},
[INFO]2023.02.25 16:47:13 : 当前用例执行结束: 
